app/proguard-rules.pro
# Add project specific ProGuard rules here.
# You can control the set of applied configuration files using the
# proguardFiles setting in build.gradle.
#
# For more details, see
#   http://developer.android.com/guide/developing/tools/proguard.html

# If your project uses WebView with JS, uncomment the following
# and specify the fully qualified class name to the JavaScript interface
# class:
#-keepclassmembers class fqcn.of.javascript.interface.for.webview {
#   public *;
#}

-keepattributes SourceFile,LineNumberTable
-keepattributes *Annotation*
-keep public class * extends java.lang.Exception

# If you keep the line number information, uncomment this to
# hide the original source file name.
-renamesourcefileattribute SourceFile

-optimizationpasses 5
-dump class_files.txt
-printseeds seeds.txt
-printusage unused.txt
#-printmapping mapping.txt removed to allow Fabric to properly de-obfuscate crash reports
-optimizations !code/simplification/arithmetic,!field/*,!class/merging*/
-allowaccessmodification
-repackageclasses ''
-dontusemixedcaseclassnames
-dontskipnonpubliclibraryclasses
-dontskipnonpubliclibraryclassmembers
-dontpreverify
-verbose

-keep public class * extends android.app.Activity
-keep public class * extends android.app.Application
-keep public class * extends android.app.Service
-keep public class * extends android.content.BroadcastReceiver
-keep public class * extends android.content.ContentProvider
-keep public class * extends android.app.backup.BackupAgent
-keep public class * extends android.preference.Preference
-keep public class * extends android.support.v4.app.Fragment
-keep public class * extends android.support.v4.app.DialogFragment
-keep public class * extends com.actionbarsherlock.app.SherlockListFragment
-keep public class * extends com.actionbarsherlock.app.SherlockFragment
-keep public class * extends com.actionbarsherlock.app.SherlockFragmentActivity
-keep public class * extends android.app.Fragment
-keep public class com.android.vending.licensing.ILicensingService

#Junit
-dontwarn android.test.**

#---------------Begin: proguard configuration for support library  ----------
-keep class android.support.v4.app.** { *; }
-keep interface android.support.v4.app.** { *; }
-keep class com.actionbarsherlock.** { *; }
-keep interface com.actionbarsherlock.** { *; }
-keep class android.support.v7.widget.SearchView { *; }

# The support library contains references to newer platform versions.
# Don't warn about those in case this app is linking against an older
# platform version. We know about them, and they are safe.
-dontwarn android.support.**
-dontwarn com.google.ads.**

-keep class com.crashlytics.** { *; }
-dontwarn com.crashlytics.**
#-renamesourcefileattribute SourceFile

# For enumeration classes, see http://proguard.sourceforge.net/manual/examples.html#enumerations
-keepclassmembers enum * {
    public static **[] values();
    public static ** valueOf(java.lang.String);
}

-keep class com.esafirm.imagepicker.** { *; }