app/seeds.txt
com.mobile.ewallet.feature.credit.KodePosSearchDialog
com.mobile.ewallet.model.api.detailpokemon.Move
com.mobile.ewallet.model.api.sendmoney.HistoryTransferTransaction
com.mobile.ewallet.App
com.mobile.ewallet.base.BaseComposeActivity
com.mobile.ewallet.model.api.pokemon.Pokemon
com.mobile.ewallet.feature.scantosendmoney.ScannerActivity
com.mobile.ewallet.model.api.credit.JenisKredit
com.mobile.ewallet.model.api.detailpokemon.OfficialArtwork
com.mobile.ewallet.model.api.sendmoney.banktransfer.SendMoneyResultTrfResponse
com.mobile.ewallet.feature.profile.FaqActivity
com.mobile.ewallet.model.api.credit.KUMFulfillmentBody
com.mobile.ewallet.model.api.sendmoney.bycontact.TransactionDetailContact
com.mobile.ewallet.model.api.credit.TempatBekerja
com.mobile.ewallet.util.MyAppGlideModule
com.mobile.ewallet.model.api.credit.TermsResponse
com.mobile.ewallet.feature.credit.kum.KUMFulfillmentActivity
com.mobile.ewallet.model.api.register.ConfirmOTPAPIResponse
com.mobile.ewallet.feature.auth.AuthActivity
com.mobile.ewallet.network.APIService
com.mobile.ewallet.model.api.moneyrequest.MoneyRequestData
com.mobile.ewallet.feature.credit.CreditTermsDialog
com.mobile.ewallet.feature.detailpokemon.DetailPokemonActivity
com.mobile.ewallet.model.api.credit.SumberDana
com.mobile.ewallet.model.api.sendmoney.bycontact.SendMoneyContactResult
com.mobile.ewallet.model.api.topup.TopupViaKreditResultResponse
com.mobile.ewallet.model.api.badge.Badge
com.mobile.ewallet.feature.credit.kur.KURPrecreeningActivity
com.mobile.ewallet.feature.topup.TopupViaKreditResultActivity
com.mobile.ewallet.model.api.badge.BadgeStatus
com.mobile.ewallet.model.api.detailpokemon.VersionGroupDetailsItem
com.mobile.ewallet.model.api.sendmoney.byscan.SendMoneyResult
com.mobile.ewallet.model.api.credit.KURPrescreeningResponse
com.mobile.ewallet.feature.credit.kur.KURFulfillmentActivity
com.mobile.ewallet.model.api.credit.JenisKreditParameter
com.mobile.ewallet.model.contact.Contact
com.mobile.ewallet.feature.home.BadgeActivity
com.mobile.ewallet.model.api.topup.TopupVA
com.mobile.ewallet.feature.home.TransactionDetailActivity
com.mobile.ewallet.feature.home.DetailStatusCreditReqActivity
com.mobile.ewallet.model.api.detailpokemon.Type
com.mobile.ewallet.model.api.sendmoney.byscan.AdminFeeResponse
com.mobile.ewallet.feature.profile.ProfileActivity
com.mobile.ewallet.model.api.sendmoney.bycontact.BaseSendMoneyContactResponse
com.mobile.ewallet.feature.moneysend.ContactListActivity
com.mobile.ewallet.model.api.credit.StatusPernikahan
com.mobile.ewallet.model.api.credit.KUMFulfillmentResponse
com.mobile.ewallet.model.api.sendmoney.banktransfer.Bank
com.mobile.ewallet.model.api.profile.ProfileAPIResponse
com.mobile.ewallet.model.api.credit.BaseDropdownCredit
com.mobile.ewallet.base.BaseFragment
com.mobile.ewallet.model.api.detailpokemon.StatsItem
com.mobile.ewallet.model.api.credit.KodePos
com.mobile.ewallet.model.api.detailpokemon.VersionGroup
com.mobile.ewallet.model.api.credit.LokasiDatill
com.mobile.ewallet.base.BaseActivity
com.mobile.ewallet.model.api.credit.Komoditas
com.mobile.ewallet.model.api.detailpokemon.MoveLearnMethod
com.mobile.ewallet.feature.moneyreq.MoneyRequestActivity
com.mobile.ewallet.feature.topup.TopupActivity
com.mobile.ewallet.model.api.detailpokemon.AbilitiesItem
com.mobile.ewallet.model.api.credit.Jabatan
com.mobile.ewallet.model.api.credit.Kewarganegaraan
com.mobile.ewallet.feature.pay.PayResultActivity
com.mobile.ewallet.feature.auth.OTPDialog
com.mobile.ewallet.model.api.credit.JenisKelamin
com.mobile.ewallet.feature.credit.kum.KUMUploadDocumentsActivity
com.mobile.ewallet.feature.auth.LoginActivity
com.mobile.ewallet.model.api.credit.Pendidikan
com.mobile.ewallet.model.api.sendmoney.banktransfer.BaseTransferMoneyResponse
com.mobile.ewallet.model.api.sendmoney.banktransfer.AdminFeeTrfResponse
com.mobile.ewallet.model.api.detailpokemon.TypesItem
com.mobile.ewallet.feature.detailpokemon.moves.MovesFragment
...
kotlin.jvm.internal.MutablePropertyReference0Impl: MutablePropertyReference0Impl(kotlin.reflect.KDeclarationContainer,java.lang.String,java.lang.String)
androidx.activity.ComponentActivity: void addMenuProvider(androidx.core.view.MenuProvider,androidx.lifecycle.LifecycleOwner,androidx.lifecycle.Lifecycle$State)
okhttp3.internal.platform.Platform$Companion: Platform$Companion()
androidx.core.view.ViewCompat$Api19Impl: int getAccessibilityLiveRegion(android.view.View)
androidx.fragment.app.Fragment: void onAttachFragment(androidx.fragment.app.Fragment)
androidx.activity.ComponentActivity: void onBackPressed()
androidx.core.view.MarginLayoutParamsCompat$Api17Impl: boolean isMarginRelative(android.view.ViewGroup$MarginLayoutParams)
androidx.fragment.app.Fragment: java.lang.Object getReenterTransition()
com.esafirm.imagepicker.features.ImagePickerActivity: boolean onCreateOptionsMenu(android.view.Menu)
androidx.fragment.app.Fragment: void setAnimations(int,int,int,int)
kotlin.jvm.internal.Lambda: java.lang.String toString()
androidx.camera.core.impl.utils.ContextUtil$Api30Impl: java.lang.String getAttributionTag(android.content.Context)
androidx.recyclerview.widget.GapWorker$Task: GapWorker$Task()
android.support.v4.app.INotificationSideChannel$Stub$Proxy: java.lang.String getInterfaceDescriptor()
com.google.android.datatransport.runtime.TransportContext: TransportContext()
androidx.profileinstaller.FileSectionType: androidx.profileinstaller.FileSectionType[] values()
androidx.core.view.MenuItemCompat$Api26Impl: android.content.res.ColorStateList getIconTintList(android.view.MenuItem)
androidx.appcompat.widget.AppCompatTextViewAutoSizeHelper$Impl29: boolean isHorizontallyScrollable(android.widget.TextView)
androidx.core.graphics.drawable.DrawableCompat$Api23Impl: boolean setLayoutDirection(android.graphics.drawable.Drawable,int)
com.esafirm.imagepicker.features.ImagePickerLauncherKt$registerImagePicker$2: androidx.activity.ComponentActivity invoke()
com.bumptech.glide.load.EncodeStrategy: com.bumptech.glide.load.EncodeStrategy[] values()
androidx.collection.SparseArrayCompat: SparseArrayCompat()
androidx.core.content.FileProvider: boolean onCreate()
androidx.core.widget.TextViewCompat$Api23Impl: int getBreakStrategy(android.widget.TextView)
androidx.compose.ui.graphics.Api26Bitmap: android.graphics.Bitmap createBitmap-x__-hDU$ui_graphics_release(int,int,int,boolean,androidx.compose.ui.graphics.colorspace.ColorSpace)
androidx.viewpager2.widget.ViewPager2$OnPageChangeCallback: ViewPager2$OnPageChangeCallback()
androidx.fragment.app.Fragment: void setPostOnViewCreatedAlpha(float)
androidx.vectordrawable.graphics.drawable.VectorDrawableCompat$VectorDrawableCompatState: int getChangingConfigurations()
com.google.android.gms.internal.mlkit_vision_barcode.zzl: zzl()
androidx.fragment.app.Fragment: android.content.Context requireContext()
androidx.appcompat.widget.AppCompatTextHelper$Api17Impl: android.graphics.drawable.Drawable[] getCompoundDrawablesRelative(android.widget.TextView)
androidx.compose.ui.text.caches.SimpleArrayMap: SimpleArrayMap()
com.esafirm.imagepicker.features.ImagePickerFragment$subscribeToUiState$1: ImagePickerFragment$subscribeToUiState$1(com.esafirm.imagepicker.features.ImagePickerFragment)
com.esafirm.imagepicker.features.ImagePickerFragment: void access$openAppSettings(com.esafirm.imagepicker.features.ImagePickerFragment)
androidx.appcompat.app.AppCompatActivity: void onPostCreate(android.os.Bundle)
androidx.core.view.WindowInsetsCompat$Impl28: int hashCode()
com.bumptech.glide.manager.SupportRequestManagerFragment: SupportRequestManagerFragment()
com.esafirm.imagepicker.adapter.ImagePickerAdapter$removeAllSelectedSingleClick$1: ImagePickerAdapter$removeAllSelectedSingleClick$1(com.esafirm.imagepicker.adapter.ImagePickerAdapter)
androidx.appcompat.widget.SearchView$Api29Impl: void refreshAutoCompleteResults(android.widget.AutoCompleteTextView)